<?xml version="1.0" encoding="UTF-8"?>
<!-- Generated by org.testng.reporters.JUnitReportReporter -->
<testsuite hostname="DESKTOP-MBKO3VF" failures="0" tests="3" name="FelineTest" time="0.000" errors="0" timestamp="2022-04-14T21:22:08 MSK" skipped="0">
  <testcase classname="FelineTest" name="eatMeatReturnsFood" time="0.000"/>
  <system-out/>
  <testcase classname="FelineTest" name="getKittensReturnsCorrectCount" time="0.000"/>
  <system-out/>
  <testcase classname="FelineTest" name="getFamilyReturnsCorrectValue" time="0.000"/>
  <system-out/>
</testsuite> <!-- FelineTest -->
