<?xml version="1.0" encoding="UTF-8"?>
<!-- Generated by org.testng.reporters.JUnitReportReporter -->
<testsuite hostname="DESKTOP-MBKO3VF" failures="0" tests="2" name="CatTest" time="0.016" errors="0" timestamp="2022-04-14T21:22:08 MSK" skipped="0">
  <testcase classname="CatTest" name="getSoundReturnsCorrectValue" time="0.000"/>
  <system-out/>
  <testcase classname="CatTest" name="getFoodReturnsCorrectValue" time="0.016"/>
  <system-out/>
</testsuite> <!-- CatTest -->
